<?xml version="1.0" encoding="UTF-8"?>
<coverage generated="1608202019098" clover="3.2.0">
  <project timestamp="1608202019099" name="All files">
    <metrics statements="31" coveredstatements="31" conditionals="18" coveredconditionals="15" methods="7" coveredmethods="7" elements="56" coveredelements="53" complexity="0" loc="31" ncloc="31" packages="1" files="1" classes="1"/>
    <file name="command-handler.js" path="/Users/marvin/soft/cypress-audit/src/a11y/command-handler.js">
      <metrics statements="31" coveredstatements="31" conditionals="18" coveredconditionals="15" methods="7" coveredmethods="7"/>
      <line num="1" count="1" type="stmt"/>
      <line num="7" count="1" type="stmt"/>
      <line num="8" count="3" type="stmt"/>
      <line num="10" count="7" type="cond" truecount="2" falsecount="0"/>
      <line num="11" count="2" type="stmt"/>
      <line num="13" count="5" type="stmt"/>
      <line num="21" count="7" type="cond" truecount="2" falsecount="0"/>
      <line num="22" count="4" type="stmt"/>
      <line num="25" count="7" type="stmt"/>
      <line num="30" count="3" type="stmt"/>
      <line num="32" count="3" type="stmt"/>
      <line num="33" count="5" type="cond" truecount="1" falsecount="1"/>
      <line num="34" count="5" type="stmt"/>
      <line num="38" count="3" type="stmt"/>
      <line num="41" count="1" type="stmt"/>
      <line num="42" count="3" type="stmt"/>
      <line num="44" count="5" type="cond" truecount="1" falsecount="1"/>
      <line num="45" count="5" type="cond" truecount="1" falsecount="1"/>
      <line num="47" count="5" type="cond" truecount="2" falsecount="0"/>
      <line num="50" count="5" type="stmt"/>
      <line num="59" count="1" type="stmt"/>
      <line num="60" count="7" type="cond" truecount="2" falsecount="0"/>
      <line num="61" count="1" type="stmt"/>
      <line num="67" count="6" type="stmt"/>
      <line num="69" count="6" type="stmt"/>
      <line num="71" count="6" type="cond" truecount="2" falsecount="0"/>
      <line num="72" count="3" type="stmt"/>
      <line num="75" count="3" type="cond" truecount="2" falsecount="0"/>
      <line num="79" count="3" type="stmt"/>
      <line num="81" count="3" type="stmt"/>
      <line num="86" count="1" type="stmt"/>
    </file>
  </project>
</coverage>
