{"/Users/marvin/soft/cypress-audit/src/a11y/command-handler.js": {"path":"/Users/marvin/soft/cypress-audit/src/a11y/command-handler.js","statementMap":{"0":{"start":{"line":1,"column":23},"end":{"line":5,"column":1}},"1":{"start":{"line":7,"column":20},"end":{"line":39,"column":1}},"2":{"start":{"line":8,"column":28},"end":{"line":28,"column":3}},"3":{"start":{"line":10,"column":6},"end":{"line":19,"column":7}},"4":{"start":{"line":11,"column":8},"end":{"line":11,"column":38}},"5":{"start":{"line":13,"column":8},"end":{"line":18,"column":10}},"6":{"start":{"line":21,"column":6},"end":{"line":23,"column":7}},"7":{"start":{"line":22,"column":8},"end":{"line":22,"column":49}},"8":{"start":{"line":25,"column":6},"end":{"line":25,"column":23}},"9":{"start":{"line":30,"column":24},"end":{"line":30,"column":26}},"10":{"start":{"line":32,"column":2},"end":{"line":36,"column":3}},"11":{"start":{"line":33,"column":4},"end":{"line":35,"column":5}},"12":{"start":{"line":34,"column":6},"end":{"line":34,"column":51}},"13":{"start":{"line":38,"column":2},"end":{"line":38,"column":23}},"14":{"start":{"line":41,"column":21},"end":{"line":57,"column":1}},"15":{"start":{"line":42,"column":2},"end":{"line":56,"column":18}},"16":{"start":{"line":44,"column":22},"end":{"line":44,"column":63}},"17":{"start":{"line":45,"column":22},"end":{"line":45,"column":72}},"18":{"start":{"line":47,"column":8},"end":{"line":49,"column":14}},"19":{"start":{"line":50,"column":6},"end":{"line":54,"column":12}},"20":{"start":{"line":59,"column":28},"end":{"line":84,"column":1}},"21":{"start":{"line":60,"column":2},"end":{"line":65,"column":3}},"22":{"start":{"line":61,"column":4},"end":{"line":64,"column":6}},"23":{"start":{"line":67,"column":2},"end":{"line":83,"column":7}},"24":{"start":{"line":69,"column":19},"end":{"line":69,"column":50}},"25":{"start":{"line":71,"column":6},"end":{"line":82,"column":7}},"26":{"start":{"line":72,"column":30},"end":{"line":72,"column":49}},"27":{"start":{"line":75,"column":10},"end":{"line":77,"column":79}},"28":{"start":{"line":79,"column":32},"end":{"line":79,"column":59}},"29":{"start":{"line":81,"column":8},"end":{"line":81,"column":58}},"30":{"start":{"line":86,"column":0},"end":{"line":86,"column":37}}},"fnMap":{"0":{"name":"(anonymous_0)","decl":{"start":{"line":7,"column":20},"end":{"line":7,"column":21}},"loc":{"start":{"line":7,"column":32},"end":{"line":39,"column":1}},"line":7},"1":{"name":"(anonymous_1)","decl":{"start":{"line":9,"column":4},"end":{"line":9,"column":5}},"loc":{"start":{"line":9,"column":48},"end":{"line":26,"column":5}},"line":9},"2":{"name":"(anonymous_2)","decl":{"start":{"line":41,"column":21},"end":{"line":41,"column":22}},"loc":{"start":{"line":41,"column":33},"end":{"line":57,"column":1}},"line":41},"3":{"name":"(anonymous_3)","decl":{"start":{"line":43,"column":9},"end":{"line":43,"column":10}},"loc":{"start":{"line":43,"column":20},"end":{"line":55,"column":5}},"line":43},"4":{"name":"(anonymous_4)","decl":{"start":{"line":59,"column":28},"end":{"line":59,"column":29}},"loc":{"start":{"line":59,"column":38},"end":{"line":84,"column":1}},"line":59},"5":{"name":"(anonymous_5)","decl":{"start":{"line":69,"column":10},"end":{"line":69,"column":11}},"loc":{"start":{"line":69,"column":19},"end":{"line":69,"column":50}},"line":69},"6":{"name":"(anonymous_6)","decl":{"start":{"line":70,"column":10},"end":{"line":70,"column":11}},"loc":{"start":{"line":70,"column":22},"end":{"line":83,"column":5}},"line":70}},"branchMap":{"0":{"loc":{"start":{"line":10,"column":6},"end":{"line":19,"column":7}},"type":"if","locations":[{"start":{"line":10,"column":6},"end":{"line":19,"column":7}},{"start":{"line":10,"column":6},"end":{"line":19,"column":7}}],"line":10},"1":{"loc":{"start":{"line":21,"column":6},"end":{"line":23,"column":7}},"type":"if","locations":[{"start":{"line":21,"column":6},"end":{"line":23,"column":7}},{"start":{"line":21,"column":6},"end":{"line":23,"column":7}}],"line":21},"2":{"loc":{"start":{"line":33,"column":4},"end":{"line":35,"column":5}},"type":"if","locations":[{"start":{"line":33,"column":4},"end":{"line":35,"column":5}},{"start":{"line":33,"column":4},"end":{"line":35,"column":5}}],"line":33},"3":{"loc":{"start":{"line":44,"column":22},"end":{"line":44,"column":63}},"type":"cond-expr","locations":[{"start":{"line":44,"column":38},"end":{"line":44,"column":58}},{"start":{"line":44,"column":61},"end":{"line":44,"column":63}}],"line":44},"4":{"loc":{"start":{"line":45,"column":22},"end":{"line":45,"column":72}},"type":"cond-expr","locations":[{"start":{"line":45,"column":38},"end":{"line":45,"column":67}},{"start":{"line":45,"column":70},"end":{"line":45,"column":72}}],"line":45},"5":{"loc":{"start":{"line":47,"column":8},"end":{"line":49,"column":14}},"type":"cond-expr","locations":[{"start":{"line":48,"column":12},"end":{"line":48,"column":66}},{"start":{"line":49,"column":12},"end":{"line":49,"column":14}}],"line":47},"6":{"loc":{"start":{"line":60,"column":2},"end":{"line":65,"column":3}},"type":"if","locations":[{"start":{"line":60,"column":2},"end":{"line":65,"column":3}},{"start":{"line":60,"column":2},"end":{"line":65,"column":3}}],"line":60},"7":{"loc":{"start":{"line":71,"column":6},"end":{"line":82,"column":7}},"type":"if","locations":[{"start":{"line":71,"column":6},"end":{"line":82,"column":7}},{"start":{"line":71,"column":6},"end":{"line":82,"column":7}}],"line":71},"8":{"loc":{"start":{"line":75,"column":10},"end":{"line":77,"column":79}},"type":"cond-expr","locations":[{"start":{"line":76,"column":14},"end":{"line":76,"column":77}},{"start":{"line":77,"column":14},"end":{"line":77,"column":79}}],"line":75}},"s":{"0":1,"1":1,"2":3,"3":7,"4":2,"5":5,"6":7,"7":4,"8":7,"9":3,"10":3,"11":5,"12":5,"13":3,"14":1,"15":3,"16":5,"17":5,"18":5,"19":5,"20":1,"21":7,"22":1,"23":6,"24":6,"25":6,"26":3,"27":3,"28":3,"29":3,"30":1},"f":{"0":3,"1":7,"2":3,"3":5,"4":7,"5":6,"6":6},"b":{"0":[2,5],"1":[4,3],"2":[5,0],"3":[5,0],"4":[5,0],"5":[3,2],"6":[1,6],"7":[3,3],"8":[1,2]},"_coverageSchema":"1a1c01bbd47fc00a2c39e90264f33305004495a9","hash":"3b193853a69fae6162cda981a26aed9acb73793b"}
}
