TN:
SF:src/a11y/command-handler.js
FN:7,(anonymous_0)
FN:9,(anonymous_1)
FN:41,(anonymous_2)
FN:43,(anonymous_3)
FN:59,(anonymous_4)
FN:69,(anonymous_5)
FN:70,(anonymous_6)
FNF:7
FNH:7
FNDA:3,(anonymous_0)
FNDA:7,(anonymous_1)
FNDA:3,(anonymous_2)
FNDA:5,(anonymous_3)
FNDA:7,(anonymous_4)
FNDA:6,(anonymous_5)
FNDA:6,(anonymous_6)
DA:1,1
DA:7,1
DA:8,3
DA:10,7
DA:11,2
DA:13,5
DA:21,7
DA:22,4
DA:25,7
DA:30,3
DA:32,3
DA:33,5
DA:34,5
DA:38,3
DA:41,1
DA:42,3
DA:44,5
DA:45,5
DA:47,5
DA:50,5
DA:59,1
DA:60,7
DA:61,1
DA:67,6
DA:69,6
DA:71,6
DA:72,3
DA:75,3
DA:79,3
DA:81,3
DA:86,1
LF:31
LH:31
BRDA:10,0,0,2
BRDA:10,0,1,5
BRDA:21,1,0,4
BRDA:21,1,1,3
BRDA:33,2,0,5
BRDA:33,2,1,0
BRDA:44,3,0,5
BRDA:44,3,1,0
BRDA:45,4,0,5
BRDA:45,4,1,0
BRDA:47,5,0,3
BRDA:47,5,1,2
BRDA:60,6,0,1
BRDA:60,6,1,6
BRDA:71,7,0,3
BRDA:71,7,1,3
BRDA:75,8,0,1
BRDA:75,8,1,2
BRF:18
BRH:15
end_of_record
